<?xml version="1.0" encoding="UTF-8"?>
<!-- Generated by org.testng.reporters.JUnitXMLReporter -->
<testsuite hostname="LAPTOP-U32BOAQF" ignored="0" name="Test" tests="4" failures="0" timestamp="19 Apr 2018 08:13:46 GMT" time="0.061" errors="0">
  <testcase name="@BeforeMethod preCondition" time="0.0" classname="com.actitime.generic.BaseTest">
    <failure type="org.testng.TestNGException" message="
Parameter &amp;apos;nodeUrl&amp;apos; is required by BeforeMethod on method preCondition but has not been marked @Optional or defined
in D:\project management\ActiTime\Actitimetestng.xml">
      <![CDATA[org.testng.TestNGException: 
Parameter 'nodeUrl' is required by BeforeMethod on method preCondition but has not been marked @Optional or defined
in D:\project management\ActiTime\Actitimetestng.xml
... Removed 25 stack frames]]>
    </failure>
  </testcase> <!-- @BeforeMethod preCondition -->
  <testcase name="@AfterMethod postCondition" time="0.0" classname="com.actitime.generic.BaseTest">
    <skipped/>
  </testcase> <!-- @AfterMethod postCondition -->
  <testcase name="@BeforeMethod preCondition" time="0.0" classname="com.actitime.generic.BaseTest">
    <skipped/>
  </testcase> <!-- @BeforeMethod preCondition -->
  <testcase name="@AfterMethod postCondition" time="0.0" classname="com.actitime.generic.BaseTest">
    <skipped/>
  </testcase> <!-- @AfterMethod postCondition -->
  <testcase name="@BeforeMethod preCondition" time="0.0" classname="com.actitime.generic.BaseTest">
    <skipped/>
  </testcase> <!-- @BeforeMethod preCondition -->
  <testcase name="@AfterMethod postCondition" time="0.0" classname="com.actitime.generic.BaseTest">
    <skipped/>
  </testcase> <!-- @AfterMethod postCondition -->
  <testcase name="@BeforeMethod preCondition" time="0.0" classname="com.actitime.generic.BaseTest">
    <skipped/>
  </testcase> <!-- @BeforeMethod preCondition -->
  <testcase name="@AfterMethod postCondition" time="0.0" classname="com.actitime.generic.BaseTest">
    <skipped/>
  </testcase> <!-- @AfterMethod postCondition -->
  <testcase name="testInvalidLogin" time="0.0" classname="com.actitime.tests.InvalidLoginTest">
    <skipped/>
  </testcase> <!-- testInvalidLogin -->
  <testcase name="validLoginLogout" time="0.0" classname="com.actitime.tests.ValidLoginLogoutTest">
    <skipped/>
  </testcase> <!-- validLoginLogout -->
  <testcase name="testVerifyBuildNumber" time="0.0" classname="com.actitime.tests.VerifyBuildNumberTest">
    <skipped/>
  </testcase> <!-- testVerifyBuildNumber -->
  <testcase name="testVerifyVersion" time="0.0" classname="com.actitime.tests.VerifyVersionTest">
    <skipped/>
  </testcase> <!-- testVerifyVersion -->
</testsuite> <!-- Test -->
